2026-04-26 17:54:25 INFO:	***** Start a BUSCO v6.0.0 analysis, current time: 04/26/2026 17:54:25 *****
2026-04-26 17:54:25 INFO:	Configuring BUSCO with local environment
2026-04-26 17:54:25 INFO:	Running transcriptome mode
2026-04-26 17:54:25 INFO:	Downloading information on latest versions of BUSCO data...
2026-04-26 17:54:27 INFO:	Input file is /work/nclab/lizzy/GENE8940_project/GENE8940_project-1/trinity_output.Trinity.fasta
2026-04-26 17:54:27 INFO:	Downloading file 'https://busco-data.ezlab.org/v5/data/lineages/eukaryota_odb10.2024-01-08.tar.gz'
2026-04-26 17:54:31 INFO:	Decompressing file '/work/nclab/lizzy/GENE8940_project/GENE8940_project-1/scripts/busco_downloads/lineages/eukaryota_odb10.tar.gz'
2026-04-26 17:54:34 INFO:	Running BUSCO using lineage dataset eukaryota_odb10 (eukaryota, 2024-01-08)
2026-04-26 17:54:35 INFO:	Running 1 job(s) on metaeuk, starting at 04/26/2026 17:54:35
2026-04-26 18:39:19 INFO:	[metaeuk]	1 of 1 task(s) completed
2026-04-26 18:39:20 INFO:	***** Run HMMER on gene sequences *****
2026-04-26 18:39:20 INFO:	Running 255 job(s) on hmmsearch, starting at 04/26/2026 18:39:20
2026-04-26 18:39:24 INFO:	[hmmsearch]	26 of 255 task(s) completed
2026-04-26 18:39:26 INFO:	[hmmsearch]	51 of 255 task(s) completed
2026-04-26 18:39:29 INFO:	[hmmsearch]	77 of 255 task(s) completed
2026-04-26 18:39:30 INFO:	[hmmsearch]	102 of 255 task(s) completed
2026-04-26 18:39:31 INFO:	[hmmsearch]	128 of 255 task(s) completed
2026-04-26 18:39:35 INFO:	[hmmsearch]	153 of 255 task(s) completed
2026-04-26 18:39:40 INFO:	[hmmsearch]	179 of 255 task(s) completed
2026-04-26 18:39:42 INFO:	[hmmsearch]	204 of 255 task(s) completed
2026-04-26 18:39:45 INFO:	[hmmsearch]	230 of 255 task(s) completed
2026-04-26 18:39:47 INFO:	[hmmsearch]	255 of 255 task(s) completed
2026-04-26 18:39:47 INFO:	968 exons in total
2026-04-26 18:39:47 INFO:	Extracting missing and fragmented buscos from the file refseq_db.faa...
2026-04-26 18:39:49 INFO:	Running 1 job(s) on metaeuk, starting at 04/26/2026 18:39:49
2026-04-26 20:22:34 INFO:	[metaeuk]	1 of 1 task(s) completed
2026-04-26 20:22:34 INFO:	***** Run HMMER on gene sequences *****
2026-04-26 20:22:34 INFO:	Running 78 job(s) on hmmsearch, starting at 04/26/2026 20:22:34
2026-04-26 20:22:38 INFO:	[hmmsearch]	8 of 78 task(s) completed
2026-04-26 20:22:39 INFO:	[hmmsearch]	16 of 78 task(s) completed
2026-04-26 20:22:40 INFO:	[hmmsearch]	24 of 78 task(s) completed
2026-04-26 20:22:42 INFO:	[hmmsearch]	32 of 78 task(s) completed
2026-04-26 20:22:44 INFO:	[hmmsearch]	39 of 78 task(s) completed
2026-04-26 20:22:45 INFO:	[hmmsearch]	47 of 78 task(s) completed
2026-04-26 20:22:45 INFO:	[hmmsearch]	55 of 78 task(s) completed
2026-04-26 20:22:46 INFO:	[hmmsearch]	63 of 78 task(s) completed
2026-04-26 20:22:47 INFO:	[hmmsearch]	71 of 78 task(s) completed
2026-04-26 20:22:47 INFO:	[hmmsearch]	78 of 78 task(s) completed
2026-04-26 20:22:47 INFO:	7 candidate overlapping regions found
2026-04-26 20:22:47 INFO:	568 exons in total
2026-04-26 20:22:47 INFO:	Results:	C:69.8%[S:18.8%,D:51.0%],F:12.9%,M:17.3%,n:255	   

2026-04-26 20:22:52 INFO:	

    ----------------------------------------------------
    |Results from dataset eukaryota_odb10               |
    ----------------------------------------------------
    |C:69.8%[S:18.8%,D:51.0%],F:12.9%,M:17.3%,n:255     |
    |178    Complete BUSCOs (C)                         |
    |48    Complete and single-copy BUSCOs (S)          |
    |130    Complete and duplicated BUSCOs (D)          |
    |33    Fragmented BUSCOs (F)                        |
    |44    Missing BUSCOs (M)                           |
    |255    Total BUSCO groups searched                 |
    ----------------------------------------------------
2026-04-26 20:22:52 INFO:	BUSCO analysis done. Total running time: 8905 seconds
2026-04-26 20:22:52 INFO:	Results written in /work/nclab/lizzy/GENE8940_project/GENE8940_project-1/scripts/busco_out
2026-04-26 20:22:52 INFO:	For assistance with interpreting the results, please consult the userguide: https://busco.ezlab.org/busco_userguide.html

2026-04-26 20:22:52 INFO:	Visit this page https://gitlab.com/ezlab/busco#how-to-cite-busco to see how to cite BUSCO
2026-04-26 20:22:52 INFO:	Thank you for using BUSCO! Anonymous usage data is gathered to improve the tool. You may opt out with --opt-out-run-stats.
