Running on: c4-4
Conda env: ribodetector_env
/home/etw33155/conda/envs/ribodetector_env/bin/ribodetector_cpu
Sample 25099FL-06-01-01_S1_L001 already processed, skipping.
Sample 25099FL-06-01-02_S2_L001 already processed, skipping.
Sample 25099FL-06-01-03_S3_L001 already processed, skipping.
Sample 25099FL-06-01-04_S4_L001 already processed, skipping.
Processing sample: 25099FL-06-01-05_S5_L001
R1: 25099FL-06-01-05_S5_L001_R1_trimmed_paired.fastq.gz
R2: 25099FL-06-01-05_S5_L001_R2_trimmed_paired.fastq.gz
Processing sample: 25099FL-06-01-06_S6_L001
R1: 25099FL-06-01-06_S6_L001_R1_trimmed_paired.fastq.gz
R2: 25099FL-06-01-06_S6_L001_R2_trimmed_paired.fastq.gz
Processing sample: 25099FL-06-01-07_S7_L001
R1: 25099FL-06-01-07_S7_L001_R1_trimmed_paired.fastq.gz
R2: 25099FL-06-01-07_S7_L001_R2_trimmed_paired.fastq.gz
Processing sample: 25099FL-06-01-08_S8_L001
R1: 25099FL-06-01-08_S8_L001_R1_trimmed_paired.fastq.gz
R2: 25099FL-06-01-08_S8_L001_R2_trimmed_paired.fastq.gz
Processing sample: 25099FL-06-01-09_S9_L001
R1: 25099FL-06-01-09_S9_L001_R1_trimmed_paired.fastq.gz
R2: 25099FL-06-01-09_S9_L001_R2_trimmed_paired.fastq.gz
Processing sample: 25099FL-06-01-10_S10_L001
R1: 25099FL-06-01-10_S10_L001_R1_trimmed_paired.fastq.gz
R2: 25099FL-06-01-10_S10_L001_R2_trimmed_paired.fastq.gz
Processing sample: 25099FL-06-01-11_S11_L001
R1: 25099FL-06-01-11_S11_L001_R1_trimmed_paired.fastq.gz
R2: 25099FL-06-01-11_S11_L001_R2_trimmed_paired.fastq.gz
Processing sample: 25099FL-06-01-12_S12_L001
R1: 25099FL-06-01-12_S12_L001_R1_trimmed_paired.fastq.gz
R2: 25099FL-06-01-12_S12_L001_R2_trimmed_paired.fastq.gz
Processing sample: 25099FL-06-01-13_S13_L001
R1: 25099FL-06-01-13_S13_L001_R1_trimmed_paired.fastq.gz
R2: 25099FL-06-01-13_S13_L001_R2_trimmed_paired.fastq.gz
