2026-04-09 10:08:18 : INFO  Using high MCC model
2026-04-09 10:08:18 : INFO  Log file: None
2026-04-09 10:08:18 : INFO  Classify paired-end reads with chunk size [1m128[0m
2026-04-09 10:08:18 : INFO  Writing output non-rRNA sequences into file: [94m/work/nclab/lizzy/GENE8940_project/ribodetector/25099FL-06-01-01_S1_L001.R1.fq, /work/nclab/lizzy/GENE8940_project/ribodetector/25099FL-06-01-01_S1_L001.R2.fq[0m
2026-04-09 10:08:34 : INFO  [92m131072[0m sequences finished!
2026-04-09 10:08:50 : INFO  [92m262144[0m sequences finished!
2026-04-09 10:09:05 : INFO  [92m393216[0m sequences finished!
2026-04-09 10:09:21 : INFO  [92m524288[0m sequences finished!
2026-04-09 10:09:37 : INFO  [92m655360[0m sequences finished!
2026-04-09 10:09:53 : INFO  [92m786432[0m sequences finished!
2026-04-09 10:10:10 : INFO  [92m917504[0m sequences finished!
2026-04-09 10:10:27 : INFO  [92m1048576[0m sequences finished!
2026-04-09 10:10:44 : INFO  [92m1179648[0m sequences finished!
2026-04-09 10:11:01 : INFO  [92m1310720[0m sequences finished!
2026-04-09 10:11:17 : INFO  [92m1441792[0m sequences finished!
2026-04-09 10:11:34 : INFO  [92m1572864[0m sequences finished!
2026-04-09 10:11:51 : INFO  [92m1703936[0m sequences finished!
2026-04-09 10:12:07 : INFO  [92m1835008[0m sequences finished!
2026-04-09 10:12:23 : INFO  [92m1966080[0m sequences finished!
2026-04-09 10:12:38 : INFO  [92m2097152[0m sequences finished!
2026-04-09 10:12:54 : INFO  [92m2228224[0m sequences finished!
2026-04-09 10:13:10 : INFO  [92m2359296[0m sequences finished!
2026-04-09 10:13:27 : INFO  [92m2490368[0m sequences finished!
2026-04-09 10:13:43 : INFO  [92m2621440[0m sequences finished!
2026-04-09 10:13:59 : INFO  [92m2752512[0m sequences finished!
2026-04-09 10:14:15 : INFO  [92m2883584[0m sequences finished!
2026-04-09 10:14:31 : INFO  [92m3014656[0m sequences finished!
2026-04-09 10:14:47 : INFO  [92m3145728[0m sequences finished!
2026-04-09 10:15:03 : INFO  [92m3276800[0m sequences finished!
2026-04-09 10:15:19 : INFO  [92m3407872[0m sequences finished!
2026-04-09 10:15:35 : INFO  [92m3538944[0m sequences finished!
2026-04-09 10:15:52 : INFO  [92m3670016[0m sequences finished!
2026-04-09 10:16:08 : INFO  [92m3801088[0m sequences finished!
2026-04-09 10:16:24 : INFO  [92m3932160[0m sequences finished!
2026-04-09 10:16:40 : INFO  [92m4063232[0m sequences finished!
2026-04-09 10:16:56 : INFO  [92m4194304[0m sequences finished!
2026-04-09 10:17:12 : INFO  [92m4325376[0m sequences finished!
2026-04-09 10:17:28 : INFO  [92m4456448[0m sequences finished!
2026-04-09 10:17:45 : INFO  [92m4587520[0m sequences finished!
2026-04-09 10:18:01 : INFO  [92m4718592[0m sequences finished!
2026-04-09 10:18:17 : INFO  [92m4849664[0m sequences finished!
2026-04-09 10:18:32 : INFO  [92m4980736[0m sequences finished!
2026-04-09 10:18:48 : INFO  [92m5111808[0m sequences finished!
2026-04-09 10:19:04 : INFO  [92m5242880[0m sequences finished!
2026-04-09 10:19:21 : INFO  [92m5373952[0m sequences finished!
2026-04-09 10:19:37 : INFO  [92m5505024[0m sequences finished!
2026-04-09 10:19:53 : INFO  [92m5636096[0m sequences finished!
2026-04-09 10:20:10 : INFO  [92m5767168[0m sequences finished!
2026-04-09 10:20:26 : INFO  [92m5898240[0m sequences finished!
2026-04-09 10:20:42 : INFO  [92m6029312[0m sequences finished!
2026-04-09 10:20:59 : INFO  [92m6160384[0m sequences finished!
2026-04-09 10:21:15 : INFO  [92m6291456[0m sequences finished!
2026-04-09 10:21:31 : INFO  [92m6422528[0m sequences finished!
2026-04-09 10:21:47 : INFO  [92m6553600[0m sequences finished!
2026-04-09 10:22:03 : INFO  [92m6684672[0m sequences finished!
2026-04-09 10:22:19 : INFO  [92m6815744[0m sequences finished!
2026-04-09 10:22:35 : INFO  [92m6946816[0m sequences finished!
2026-04-09 10:22:51 : INFO  [92m7077888[0m sequences finished!
2026-04-09 10:23:07 : INFO  [92m7208960[0m sequences finished!
2026-04-09 10:23:23 : INFO  [92m7340032[0m sequences finished!
2026-04-09 10:23:39 : INFO  [92m7471104[0m sequences finished!
2026-04-09 10:23:55 : INFO  [92m7602176[0m sequences finished!
2026-04-09 10:24:11 : INFO  [92m7733248[0m sequences finished!
2026-04-09 10:24:28 : INFO  [92m7864320[0m sequences finished!
2026-04-09 10:24:44 : INFO  [92m7995392[0m sequences finished!
2026-04-09 10:25:01 : INFO  [92m8126464[0m sequences finished!
2026-04-09 10:25:18 : INFO  [92m8257536[0m sequences finished!
2026-04-09 10:25:35 : INFO  [92m8388608[0m sequences finished!
2026-04-09 10:25:52 : INFO  [92m8519680[0m sequences finished!
2026-04-09 10:26:09 : INFO  [92m8650752[0m sequences finished!
2026-04-09 10:26:26 : INFO  [92m8781824[0m sequences finished!
2026-04-09 10:26:43 : INFO  [92m8912896[0m sequences finished!
2026-04-09 10:27:00 : INFO  [92m9043968[0m sequences finished!
2026-04-09 10:27:16 : INFO  [92m9175040[0m sequences finished!
2026-04-09 10:27:32 : INFO  [92m9306112[0m sequences finished!
2026-04-09 10:27:48 : INFO  [92m9437184[0m sequences finished!
2026-04-09 10:28:04 : INFO  [92m9568256[0m sequences finished!
2026-04-09 10:28:21 : INFO  [92m9699328[0m sequences finished!
2026-04-09 10:28:37 : INFO  [92m9830400[0m sequences finished!
2026-04-09 10:28:53 : INFO  [92m9961472[0m sequences finished!
